<?xml version="1.0" encoding="UTF-8"?>
<!-- Generated by org.testng.reporters.JUnitReportReporter -->
<testsuite hostname="DESKTOP-59HQ26K" failures="0" tests="1" name="testCase.TC_AR_001" time="5.006" errors="0" timestamp="2025-05-10T19:56:34 IST" skipped="0">
  <testcase classname="testCase.TC_AR_001" name="verity_account_registration" time="5.006"/>
</testsuite> <!-- testCase.TC_AR_001 -->
